101.01.17 10:08 B C:\Program Files\Macromedia\Dreamweaver 4\Mywebs\resources\media\bgmain.gif <-- spinwrap /eman_data/webstuff/webschedule/webschedule/resources/media bgmain.gif
101.01.17 10:08 B C:\Program Files\Macromedia\Dreamweaver 4\Mywebs\resources\media\discrack.jpg <-- spinwrap /eman_data/webstuff/webschedule/webschedule/resources/media discrack.jpg
101.01.17 10:08 B C:\Program Files\Macromedia\Dreamweaver 4\Mywebs\resources\media\Enhydra.gif <-- spinwrap /eman_data/webstuff/webschedule/webschedule/resources/media Enhydra.gif
101.01.17 10:08 B C:\Program Files\Macromedia\Dreamweaver 4\Mywebs\resources\media\new1_mri_ima.gif <-- spinwrap /eman_data/webstuff/webschedule/webschedule/resources/media new1_mri_ima.gif
101.01.17 10:08 B C:\Program Files\Macromedia\Dreamweaver 4\Mywebs\resources\media\StyleSheet.css <-- spinwrap /eman_data/webstuff/webschedule/webschedule/resources/media StyleSheet.css
101.01.17 10:08 B C:\Program Files\Macromedia\Dreamweaver 4\Mywebs\resources\media\thumb_wall04.gif <-- spinwrap /eman_data/webstuff/webschedule/webschedule/resources/media thumb_wall04.gif
101.01.18 12:56 B C:\Program Files\Macromedia\Dreamweaver 4\Mywebs\resources\media\bgmain.gif --> spinwarp.ucsd.edu /eman_data/resources/media bgmain.gif
101.01.18 12:56 B C:\Program Files\Macromedia\Dreamweaver 4\Mywebs\resources\media\discrack.jpg --> spinwarp.ucsd.edu /eman_data/resources/media discrack.jpg
101.01.18 12:56 B C:\Program Files\Macromedia\Dreamweaver 4\Mywebs\resources\media\Enhydra.gif --> spinwarp.ucsd.edu /eman_data/resources/media Enhydra.gif
101.01.18 12:56 B C:\Program Files\Macromedia\Dreamweaver 4\Mywebs\resources\media\Hcollage_c.jpg --> spinwarp.ucsd.edu /eman_data/resources/media Hcollage_c.jpg
101.01.18 12:56 B C:\Program Files\Macromedia\Dreamweaver 4\Mywebs\resources\media\Hlogo.gif --> spinwarp.ucsd.edu /eman_data/resources/media Hlogo.gif
101.01.18 12:56 B C:\Program Files\Macromedia\Dreamweaver 4\Mywebs\resources\media\Hucsd.gif --> spinwarp.ucsd.edu /eman_data/resources/media Hucsd.gif
101.01.18 12:56 B C:\Program Files\Macromedia\Dreamweaver 4\Mywebs\resources\media\new1_mri_ima.gif --> spinwarp.ucsd.edu /eman_data/resources/media new1_mri_ima.gif
101.01.18 12:56 B C:\Program Files\Macromedia\Dreamweaver 4\Mywebs\resources\media\next_month.jpg --> spinwarp.ucsd.edu /eman_data/resources/media next_month.jpg
101.01.18 12:56 B C:\Program Files\Macromedia\Dreamweaver 4\Mywebs\resources\media\perp2_r.jpg --> spinwarp.ucsd.edu /eman_data/resources/media perp2_r.jpg
101.01.18 12:56 B C:\Program Files\Macromedia\Dreamweaver 4\Mywebs\resources\media\perspective1.jpg --> spinwarp.ucsd.edu /eman_data/resources/media perspective1.jpg
101.01.18 12:56 B C:\Program Files\Macromedia\Dreamweaver 4\Mywebs\resources\media\prev_month.jpg --> spinwarp.ucsd.edu /eman_data/resources/media prev_month.jpg
101.01.18 12:56 B C:\Program Files\Macromedia\Dreamweaver 4\Mywebs\resources\media\StyleSheet.css --> spinwarp.ucsd.edu /eman_data/resources/media StyleSheet.css
101.01.18 12:56 B C:\Program Files\Macromedia\Dreamweaver 4\Mywebs\resources\media\thumb_wall04.gif --> spinwarp.ucsd.edu /eman_data/resources/media thumb_wall04.gif
101.01.18 12:56 B C:\Program Files\Macromedia\Dreamweaver 4\Mywebs\resources\media\WS_FTP.LOG --> spinwarp.ucsd.edu /eman_data/resources/media WS_FTP.LOG
101.01.23 16:11 B C:\Program Files\Macromedia\Dreamweaver 4\Mywebs\resources\media\admin_only_button.jpg --> spinwarp.ucsd.edu /eman_data/webstuff/resources/media admin_only_button.jpg
101.01.23 16:11 B C:\Program Files\Macromedia\Dreamweaver 4\Mywebs\resources\media\bgmain.gif --> spinwarp.ucsd.edu /eman_data/webstuff/resources/media bgmain.gif
101.01.23 16:11 B C:\Program Files\Macromedia\Dreamweaver 4\Mywebs\resources\media\buttons.FH9 --> spinwarp.ucsd.edu /eman_data/webstuff/resources/media buttons.FH9
101.01.23 16:11 B C:\Program Files\Macromedia\Dreamweaver 4\Mywebs\resources\media\cancel_policy.jpg --> spinwarp.ucsd.edu /eman_data/webstuff/resources/media cancel_policy.jpg
101.01.23 16:11 B C:\Program Files\Macromedia\Dreamweaver 4\Mywebs\resources\media\choose_selected_project_b.jpg --> spinwarp.ucsd.edu /eman_data/webstuff/resources/media choose_selected_project_b.jpg
101.01.23 16:11 B C:\Program Files\Macromedia\Dreamweaver 4\Mywebs\resources\media\delete_event_button.jpg --> spinwarp.ucsd.edu /eman_data/webstuff/resources/media delete_event_button.jpg
101.01.23 16:11 B C:\Program Files\Macromedia\Dreamweaver 4\Mywebs\resources\media\discrack.jpg --> spinwarp.ucsd.edu /eman_data/webstuff/resources/media discrack.jpg
101.01.23 16:11 B C:\Program Files\Macromedia\Dreamweaver 4\Mywebs\resources\media\Enhydra.gif --> spinwarp.ucsd.edu /eman_data/webstuff/resources/media Enhydra.gif
101.01.23 16:11 B C:\Program Files\Macromedia\Dreamweaver 4\Mywebs\resources\media\finish_earlier_button.jpg --> spinwarp.ucsd.edu /eman_data/webstuff/resources/media finish_earlier_button.jpg
101.01.23 16:11 B C:\Program Files\Macromedia\Dreamweaver 4\Mywebs\resources\media\Hcollage_c.jpg --> spinwarp.ucsd.edu /eman_data/webstuff/resources/media Hcollage_c.jpg
101.01.23 16:11 B C:\Program Files\Macromedia\Dreamweaver 4\Mywebs\resources\media\Help_button.jpg --> spinwarp.ucsd.edu /eman_data/webstuff/resources/media Help_button.jpg
101.01.23 16:11 B C:\Program Files\Macromedia\Dreamweaver 4\Mywebs\resources\media\Hlogo.gif --> spinwarp.ucsd.edu /eman_data/webstuff/resources/media Hlogo.gif
101.01.23 16:11 B C:\Program Files\Macromedia\Dreamweaver 4\Mywebs\resources\media\Hucsd.gif --> spinwarp.ucsd.edu /eman_data/webstuff/resources/media Hucsd.gif
101.01.23 16:11 B C:\Program Files\Macromedia\Dreamweaver 4\Mywebs\resources\media\Login_button.jpg --> spinwarp.ucsd.edu /eman_data/webstuff/resources/media Login_button.jpg
101.01.23 16:11 B C:\Program Files\Macromedia\Dreamweaver 4\Mywebs\resources\media\Logout_button.jpg --> spinwarp.ucsd.edu /eman_data/webstuff/resources/media Logout_button.jpg
101.01.23 16:11 B C:\Program Files\Macromedia\Dreamweaver 4\Mywebs\resources\media\new1_mri_ima.gif --> spinwarp.ucsd.edu /eman_data/webstuff/resources/media new1_mri_ima.gif
101.01.23 16:11 B C:\Program Files\Macromedia\Dreamweaver 4\Mywebs\resources\media\next_month.jpg --> spinwarp.ucsd.edu /eman_data/webstuff/resources/media next_month.jpg
101.01.23 16:11 B C:\Program Files\Macromedia\Dreamweaver 4\Mywebs\resources\media\perp2_r.jpg --> spinwarp.ucsd.edu /eman_data/webstuff/resources/media perp2_r.jpg
101.01.23 16:11 B C:\Program Files\Macromedia\Dreamweaver 4\Mywebs\resources\media\perspective1.jpg --> spinwarp.ucsd.edu /eman_data/webstuff/resources/media perspective1.jpg
101.01.23 16:11 B C:\Program Files\Macromedia\Dreamweaver 4\Mywebs\resources\media\prev_month.jpg --> spinwarp.ucsd.edu /eman_data/webstuff/resources/media prev_month.jpg
101.01.23 16:11 B C:\Program Files\Macromedia\Dreamweaver 4\Mywebs\resources\media\proj_cat.FH9 --> spinwarp.ucsd.edu /eman_data/webstuff/resources/media proj_cat.FH9
101.01.23 16:11 B C:\Program Files\Macromedia\Dreamweaver 4\Mywebs\resources\media\Project_cat_button.jpg --> spinwarp.ucsd.edu /eman_data/webstuff/resources/media Project_cat_button.jpg
101.01.23 16:11 B C:\Program Files\Macromedia\Dreamweaver 4\Mywebs\resources\media\save_event_info_b.jpg --> spinwarp.ucsd.edu /eman_data/webstuff/resources/media save_event_info_b.jpg
101.01.23 16:11 B C:\Program Files\Macromedia\Dreamweaver 4\Mywebs\resources\media\select_date_button.jpg --> spinwarp.ucsd.edu /eman_data/webstuff/resources/media select_date_button.jpg
101.01.23 16:11 B C:\Program Files\Macromedia\Dreamweaver 4\Mywebs\resources\media\start_later_button.jpg --> spinwarp.ucsd.edu /eman_data/webstuff/resources/media start_later_button.jpg
101.01.23 16:11 B C:\Program Files\Macromedia\Dreamweaver 4\Mywebs\resources\media\StyleSheet.css --> spinwarp.ucsd.edu /eman_data/webstuff/resources/media StyleSheet.css
101.01.23 16:11 B C:\Program Files\Macromedia\Dreamweaver 4\Mywebs\resources\media\switch_project.jpg --> spinwarp.ucsd.edu /eman_data/webstuff/resources/media switch_project.jpg
101.01.23 16:11 B C:\Program Files\Macromedia\Dreamweaver 4\Mywebs\resources\media\thumb_wall04.gif --> spinwarp.ucsd.edu /eman_data/webstuff/resources/media thumb_wall04.gif
101.01.23 16:11 B C:\Program Files\Macromedia\Dreamweaver 4\Mywebs\resources\media\WS_FTP.LOG --> spinwarp.ucsd.edu /eman_data/webstuff/resources/media WS_FTP.LOG
101.03.13 16:31 B C:\Program Files\Macromedia\Dreamweaver 4\Mywebs\resources\media\nav_bar_select_date.jpg --> spinwarp.ucsd.edu /eman_data/webstuff nav_bar_select_date.jpg
101.03.14 10:49 B C:\Program Files\Macromedia\Dreamweaver 4\Mywebs\resources\media\nav_bar_select_date.gif --> spinwarp.ucsd.edu /eman_data/webstuff nav_bar_select_date.gif
